<?xml version="1.0" encoding="UTF-8"?>
<!-- Generated by org.testng.reporters.JUnitReportReporter -->
<testsuite hostname="DESKTOP-1CU3V42" failures="0" tests="7" name="almosaferWeb.myTestCases" time="3.860" errors="0" timestamp="2023-12-12T15:02:34 EET" skipped="6">
  <testcase classname="almosaferWeb.myTestCases" name="ChangeTheLnguage" time="3.860"/>
  <system-out/>
  <testcase classname="almosaferWeb.myTestCases" name="HotelTabNotSelected">
    <skipped/>
  </testcase> <!-- HotelTabNotSelected -->
  <system-out/>
  <testcase classname="almosaferWeb.myTestCases" name="CheckTheCuurrency">
    <skipped/>
  </testcase> <!-- CheckTheCuurrency -->
  <system-out/>
  <testcase classname="almosaferWeb.myTestCases" name="CheckQitafLogo">
    <skipped/>
  </testcase> <!-- CheckQitafLogo -->
  <system-out/>
  <testcase classname="almosaferWeb.myTestCases" name="CheckContactNumber">
    <skipped/>
  </testcase> <!-- CheckContactNumber -->
  <system-out/>
  <testcase classname="almosaferWeb.myTestCases" name="CheckTheLanguage">
    <skipped/>
  </testcase> <!-- CheckTheLanguage -->
  <system-out/>
  <testcase classname="almosaferWeb.myTestCases" name="CheckTheDepartureAndArrivalDate">
    <skipped/>
  </testcase> <!-- CheckTheDepartureAndArrivalDate -->
  <system-out/>
</testsuite> <!-- almosaferWeb.myTestCases -->
